<?xml version="1.0" encoding="UTF-8"?>
<testsuite xmlns:xsi="http://www.w3.org/2001/XMLSchema-instance" xsi:schemaLocation="https://maven.apache.org/surefire/maven-surefire-plugin/xsd/surefire-test-report.xsd" name="CucumberYandexMarketTV" time="191.853" tests="25" errors="0" skipped="0" failures="0">
  <properties>
    <property name="idea.version" value="2017.1.4"/>
    <property name="java.runtime.name" value="Java(TM) SE Runtime Environment"/>
    <property name="sun.boot.library.path" value="C:\Program Files\Java\jdk1.8.0_144\jre\bin"/>
    <property name="java.vm.version" value="25.144-b01"/>
    <property name="java.vm.vendor" value="Oracle Corporation"/>
    <property name="maven.multiModuleProjectDirectory" value="C:\Users\1\IdeaProjects\Scenario1_Selenium"/>
    <property name="java.vendor.url" value="http://java.oracle.com/"/>
    <property name="path.separator" value=";"/>
    <property name="guice.disable.misplaced.annotation.check" value="true"/>
    <property name="java.vm.name" value="Java HotSpot(TM) 64-Bit Server VM"/>
    <property name="file.encoding.pkg" value="sun.io"/>
    <property name="user.script" value=""/>
    <property name="user.country" value="RU"/>
    <property name="sun.java.launcher" value="SUN_STANDARD"/>
    <property name="sun.os.patch.level" value="Service Pack 1"/>
    <property name="java.vm.specification.name" value="Java Virtual Machine Specification"/>
    <property name="user.dir" value="C:\Users\1\IdeaProjects\Scenario1_Selenium"/>
    <property name="java.runtime.version" value="1.8.0_144-b01"/>
    <property name="java.awt.graphicsenv" value="sun.awt.Win32GraphicsEnvironment"/>
    <property name="java.endorsed.dirs" value="C:\Program Files\Java\jdk1.8.0_144\jre\lib\endorsed"/>
    <property name="os.arch" value="amd64"/>
    <property name="java.io.tmpdir" value="C:\Users\1\AppData\Local\Temp\"/>
    <property name="line.separator" value="&#10;"/>
    <property name="java.vm.specification.vendor" value="Oracle Corporation"/>
    <property name="user.variant" value=""/>
    <property name="os.name" value="Windows 7"/>
    <property name="classworlds.conf" value="C:\Program Files\JetBrains\IntelliJ IDEA Community Edition 2017.1.4\plugins\maven\lib\maven3\bin\m2.conf"/>
    <property name="sun.jnu.encoding" value="Cp1251"/>
    <property name="java.library.path" value="C:\Program Files\Java\jdk1.8.0_144\bin;C:\Windows\Sun\Java\bin;C:\Windows\system32;C:\Windows;C:\Program Files\apache-maven-3.5.2;C:\Program Files\Git\cmd;C:\Program Files\TortoiseGit\bin;C:\Program Files\apache-maven-3.5.2\bin;C:\Program Files\Java\jdk1.8.0_144\bin;."/>
    <property name="java.specification.name" value="Java Platform API Specification"/>
    <property name="java.class.version" value="52.0"/>
    <property name="sun.management.compiler" value="HotSpot 64-Bit Tiered Compilers"/>
    <property name="os.version" value="6.1"/>
    <property name="user.home" value="C:\Users\1"/>
    <property name="user.timezone" value="Asia/Krasnoyarsk"/>
    <property name="java.awt.printerjob" value="sun.awt.windows.WPrinterJob"/>
    <property name="java.specification.version" value="1.8"/>
    <property name="file.encoding" value="UTF-8"/>
    <property name="user.name" value="1"/>
    <property name="java.class.path" value="C:\Program Files\JetBrains\IntelliJ IDEA Community Edition 2017.1.4\plugins\maven\lib\maven3\boot\plexus-classworlds-2.5.2.jar;C:\Program Files\JetBrains\IntelliJ IDEA Community Edition 2017.1.4\lib\idea_rt.jar"/>
    <property name="java.vm.specification.version" value="1.8"/>
    <property name="sun.arch.data.model" value="64"/>
    <property name="java.home" value="C:\Program Files\Java\jdk1.8.0_144\jre"/>
    <property name="sun.java.command" value="org.codehaus.classworlds.Launcher -Didea.version=2017.1.4 clean -Denvironment=environment install"/>
    <property name="java.specification.vendor" value="Oracle Corporation"/>
    <property name="user.language" value="ru"/>
    <property name="awt.toolkit" value="sun.awt.windows.WToolkit"/>
    <property name="java.vm.info" value="mixed mode"/>
    <property name="java.version" value="1.8.0_144"/>
    <property name="java.ext.dirs" value="C:\Program Files\Java\jdk1.8.0_144\jre\lib\ext;C:\Windows\Sun\Java\lib\ext"/>
    <property name="sun.boot.class.path" value="C:\Program Files\Java\jdk1.8.0_144\jre\lib\resources.jar;C:\Program Files\Java\jdk1.8.0_144\jre\lib\rt.jar;C:\Program Files\Java\jdk1.8.0_144\jre\lib\sunrsasign.jar;C:\Program Files\Java\jdk1.8.0_144\jre\lib\jsse.jar;C:\Program Files\Java\jdk1.8.0_144\jre\lib\jce.jar;C:\Program Files\Java\jdk1.8.0_144\jre\lib\charsets.jar;C:\Program Files\Java\jdk1.8.0_144\jre\lib\jfr.jar;C:\Program Files\Java\jdk1.8.0_144\jre\classes"/>
    <property name="java.vendor" value="Oracle Corporation"/>
    <property name="environment" value="environment"/>
    <property name="maven.home" value="C:\Program Files\JetBrains\IntelliJ IDEA Community Edition 2017.1.4\plugins\maven\lib\maven3"/>
    <property name="file.separator" value="\"/>
    <property name="java.vendor.url.bug" value="http://bugreport.sun.com/bugreport/"/>
    <property name="sun.cpu.endian" value="little"/>
    <property name="sun.io.unicode.encoding" value="UnicodeLittle"/>
    <property name="sun.desktop" value="windows"/>
    <property name="sun.cpu.isalist" value="amd64"/>
  </properties>
  <testcase name="Когда выбран пункт меню &quot;Маркет&quot;" classname="Сценарий: Выбор наушников" time="0.003"/>
  <testcase name="И в всплывающем окне Ваш регион нажата кнопка - Да, всё верно" classname="Сценарий: Выбор наушников" time="0"/>
  <testcase name="Когда выбран раздел меню &quot;Электроника&quot;" classname="Сценарий: Выбор наушников" time="0"/>
  <testcase name="И выбран пункт меню Электроника &quot;Наушники&quot;" classname="Сценарий: Выбор наушников" time="0"/>
  <testcase name="Когда нажата кнопка Перейти ко всем фильтрам" classname="Сценарий: Выбор наушников" time="0"/>
  <testcase name="Когда заполняются поля:" classname="Сценарий: Выбор наушников" time="0"/>
  <testcase name="Тогда выбран производитель Beats" classname="Сценарий: Выбор наушников" time="0"/>
  <testcase name="Тогда нажата кнопка Показать подходящие" classname="Сценарий: Выбор наушников" time="0"/>
  <testcase name="Тогда поиск первого элемента из списка наушников" classname="Сценарий: Выбор наушников" time="0"/>
  <testcase name="И в строку поиска введено значение первого элемента" classname="Сценарий: Выбор наушников" time="0"/>
  <testcase name="Тогда проверка наименования товара наушников, соответствует запомненному значению" classname="Сценарий: Выбор наушников" time="0"/>
  <testcase name="Сценарий: Выбор наушников" classname="Сценарий: Выбор наушников" time="2.143"/>
  <testcase name="Когда выбран пункт меню &quot;Маркет&quot;" classname="Сценарий: Выбор телевизора" time="0"/>
  <testcase name="Когда выбран раздел меню &quot;Электроника&quot;" classname="Сценарий: Выбор телевизора" time="0"/>
  <testcase name="И выбран пункт меню Электроника &quot;Телевизоры&quot;" classname="Сценарий: Выбор телевизора" time="0"/>
  <testcase name="Когда нажата кнопка Перейти ко всем фильтрам" classname="Сценарий: Выбор телевизора" time="0"/>
  <testcase name="Когда заполняются поля:" classname="Сценарий: Выбор телевизора" time="0"/>
  <testcase name="Тогда выбран производитель Samsung" classname="Сценарий: Выбор телевизора" time="0"/>
  <testcase name="И выбран производитель LG" classname="Сценарий: Выбор телевизора" time="0"/>
  <testcase name="Тогда нажата кнопка Показать подходящие" classname="Сценарий: Выбор телевизора" time="0"/>
  <testcase name="Когда количество элементов товара 48" classname="Сценарий: Выбор телевизора" time="0"/>
  <testcase name="Тогда поиск первого элемента из списка телевизоров" classname="Сценарий: Выбор телевизора" time="0"/>
  <testcase name="И в строку поиска введено значение первого элемента" classname="Сценарий: Выбор телевизора" time="0.001"/>
  <testcase name="Тогда проверка наименования товара Tv, соответствует запомненному значению" classname="Сценарий: Выбор телевизора" time="0"/>
  <testcase name="Сценарий: Выбор телевизора" classname="Сценарий: Выбор телевизора" time="1.166"/>
</testsuite>